mode: set
github.com/ReilEgor/Vaca/services/CoordinatorService/internal/repository/elasticsearch/elastic-repo.go:20.75,22.2 1 0
github.com/ReilEgor/Vaca/services/CoordinatorService/internal/repository/elasticsearch/elastic-repo.go:24.113,27.24 2 0
github.com/ReilEgor/Vaca/services/CoordinatorService/internal/repository/elasticsearch/elastic-repo.go:27.24,37.3 1 0
github.com/ReilEgor/Vaca/services/CoordinatorService/internal/repository/elasticsearch/elastic-repo.go:39.2,39.27 1 0
github.com/ReilEgor/Vaca/services/CoordinatorService/internal/repository/elasticsearch/elastic-repo.go:39.27,48.3 1 0
github.com/ReilEgor/Vaca/services/CoordinatorService/internal/repository/elasticsearch/elastic-repo.go:50.2,63.16 3 0
github.com/ReilEgor/Vaca/services/CoordinatorService/internal/repository/elasticsearch/elastic-repo.go:63.16,65.3 1 0
github.com/ReilEgor/Vaca/services/CoordinatorService/internal/repository/elasticsearch/elastic-repo.go:67.2,67.49 1 0
github.com/ReilEgor/Vaca/services/CoordinatorService/internal/repository/elasticsearch/elastic-repo.go:70.84,73.27 2 0
github.com/ReilEgor/Vaca/services/CoordinatorService/internal/repository/elasticsearch/elastic-repo.go:73.27,75.56 2 0
github.com/ReilEgor/Vaca/services/CoordinatorService/internal/repository/elasticsearch/elastic-repo.go:75.56,77.12 2 0
github.com/ReilEgor/Vaca/services/CoordinatorService/internal/repository/elasticsearch/elastic-repo.go:80.3,80.35 1 0
github.com/ReilEgor/Vaca/services/CoordinatorService/internal/repository/elasticsearch/elastic-repo.go:82.2,82.18 1 0
github.com/ReilEgor/Vaca/services/CoordinatorService/internal/repository/elasticsearch/elasticsearch.go:14.85,22.16 3 0
github.com/ReilEgor/Vaca/services/CoordinatorService/internal/repository/elasticsearch/elasticsearch.go:22.16,24.3 1 0
github.com/ReilEgor/Vaca/services/CoordinatorService/internal/repository/elasticsearch/elasticsearch.go:26.2,29.54 3 0
github.com/ReilEgor/Vaca/services/CoordinatorService/internal/repository/elasticsearch/elasticsearch.go:29.54,31.3 1 0
github.com/ReilEgor/Vaca/services/CoordinatorService/internal/repository/elasticsearch/elasticsearch.go:33.2,34.25 2 0
github.com/ReilEgor/Vaca/services/CoordinatorService/internal/broker/rabbitmq/publisher.go:20.74,27.44 2 0
github.com/ReilEgor/Vaca/services/CoordinatorService/internal/broker/rabbitmq/publisher.go:27.44,29.3 1 0
github.com/ReilEgor/Vaca/services/CoordinatorService/internal/broker/rabbitmq/publisher.go:31.2,31.10 1 0
github.com/ReilEgor/Vaca/services/CoordinatorService/internal/broker/rabbitmq/publisher.go:34.110,36.16 2 0
github.com/ReilEgor/Vaca/services/CoordinatorService/internal/broker/rabbitmq/publisher.go:36.16,39.3 2 0
github.com/ReilEgor/Vaca/services/CoordinatorService/internal/broker/rabbitmq/publisher.go:41.2,50.5 1 0
github.com/ReilEgor/Vaca/services/CoordinatorService/internal/broker/rabbitmq/publisher.go:53.45,64.2 2 0
github.com/ReilEgor/Vaca/services/CoordinatorService/internal/broker/rabbitmq/rabbitMQ.go:12.71,15.16 3 0
github.com/ReilEgor/Vaca/services/CoordinatorService/internal/broker/rabbitmq/rabbitMQ.go:15.16,20.22 2 0
github.com/ReilEgor/Vaca/services/CoordinatorService/internal/broker/rabbitmq/rabbitMQ.go:20.23,20.24 0 0
github.com/ReilEgor/Vaca/services/CoordinatorService/internal/broker/rabbitmq/rabbitMQ.go:23.2,27.20 2 0
github.com/ReilEgor/Vaca/services/CoordinatorService/internal/broker/rabbitmq/rabbitMQ.go:27.20,30.38 2 0
github.com/ReilEgor/Vaca/services/CoordinatorService/internal/broker/rabbitmq/rabbitMQ.go:30.38,34.4 1 0
github.com/ReilEgor/Vaca/services/CoordinatorService/internal/broker/rabbitmq/rabbitMQ.go:37.2,37.27 1 0
github.com/ReilEgor/Vaca/services/CoordinatorService/internal/broker/rabbitmq/rabbitMQ.go:39.79,42.16 3 0
github.com/ReilEgor/Vaca/services/CoordinatorService/internal/broker/rabbitmq/rabbitMQ.go:42.16,44.22 2 0
github.com/ReilEgor/Vaca/services/CoordinatorService/internal/broker/rabbitmq/rabbitMQ.go:44.23,44.24 0 0
github.com/ReilEgor/Vaca/services/CoordinatorService/internal/broker/rabbitmq/rabbitMQ.go:47.2,49.20 2 0
github.com/ReilEgor/Vaca/services/CoordinatorService/internal/broker/rabbitmq/rabbitMQ.go:49.20,51.36 2 0
github.com/ReilEgor/Vaca/services/CoordinatorService/internal/broker/rabbitmq/rabbitMQ.go:51.36,53.4 1 0
github.com/ReilEgor/Vaca/services/CoordinatorService/internal/broker/rabbitmq/rabbitMQ.go:55.2,55.25 1 0
github.com/ReilEgor/Vaca/services/CoordinatorService/internal/broker/rabbitmq/rabbitMQ.go:57.42,58.18 1 0
github.com/ReilEgor/Vaca/services/CoordinatorService/internal/broker/rabbitmq/rabbitMQ.go:58.18,60.3 1 0
github.com/ReilEgor/Vaca/services/CoordinatorService/internal/broker/rabbitmq/rabbitMQ.go:62.2,63.16 2 0
github.com/ReilEgor/Vaca/services/CoordinatorService/internal/broker/rabbitmq/rabbitMQ.go:63.16,65.3 1 0
github.com/ReilEgor/Vaca/services/CoordinatorService/internal/broker/rabbitmq/rabbitMQ.go:67.2,67.21 1 0
github.com/ReilEgor/Vaca/services/CoordinatorService/internal/repository/redis/redis.go:18.64,25.61 2 0
github.com/ReilEgor/Vaca/services/CoordinatorService/internal/repository/redis/redis.go:25.61,27.3 1 0
github.com/ReilEgor/Vaca/services/CoordinatorService/internal/repository/redis/redis.go:29.2,29.17 1 0
github.com/ReilEgor/Vaca/services/CoordinatorService/internal/repository/redis/status-repo.go:20.76,22.2 1 0
github.com/ReilEgor/Vaca/services/CoordinatorService/internal/repository/redis/status-repo.go:24.128,33.64 3 0
github.com/ReilEgor/Vaca/services/CoordinatorService/internal/repository/redis/status-repo.go:33.64,35.3 1 0
github.com/ReilEgor/Vaca/services/CoordinatorService/internal/repository/redis/status-repo.go:37.2,40.54 3 0
github.com/ReilEgor/Vaca/services/CoordinatorService/internal/repository/redis/status-repo.go:43.85,46.2 2 0
github.com/ReilEgor/Vaca/services/CoordinatorService/internal/repository/redis/status-repo.go:48.94,51.31 3 0
github.com/ReilEgor/Vaca/services/CoordinatorService/internal/repository/redis/status-repo.go:51.31,53.3 1 0
github.com/ReilEgor/Vaca/services/CoordinatorService/internal/repository/redis/status-repo.go:54.2,54.16 1 0
github.com/ReilEgor/Vaca/services/CoordinatorService/internal/repository/redis/status-repo.go:57.84,60.16 3 0
github.com/ReilEgor/Vaca/services/CoordinatorService/internal/repository/redis/status-repo.go:60.16,62.3 1 0
github.com/ReilEgor/Vaca/services/CoordinatorService/internal/repository/redis/status-repo.go:63.2,64.26 2 0
github.com/ReilEgor/Vaca/services/CoordinatorService/internal/repository/redis/status-repo.go:64.26,66.59 2 0
github.com/ReilEgor/Vaca/services/CoordinatorService/internal/repository/redis/status-repo.go:66.59,67.12 1 0
github.com/ReilEgor/Vaca/services/CoordinatorService/internal/repository/redis/status-repo.go:69.3,69.33 1 0
github.com/ReilEgor/Vaca/services/CoordinatorService/internal/repository/redis/status-repo.go:71.2,72.21 2 0
github.com/ReilEgor/Vaca/services/CoordinatorService/internal/config/config.go:12.26,19.2 1 0
github.com/ReilEgor/Vaca/services/CoordinatorService/internal/config/config.go:21.42,22.40 1 0
github.com/ReilEgor/Vaca/services/CoordinatorService/internal/config/config.go:22.40,24.3 1 0
github.com/ReilEgor/Vaca/services/CoordinatorService/internal/config/config.go:25.2,25.17 1 0
github.com/ReilEgor/Vaca/services/CoordinatorService/internal/transport/rest/gin_server.go:17.65,33.2 7 0
github.com/ReilEgor/Vaca/services/CoordinatorService/internal/transport/rest/gin_server.go:35.44,37.2 1 0
github.com/ReilEgor/Vaca/services/CoordinatorService/internal/transport/rest/middleware.go:11.63,15.2 3 0
github.com/ReilEgor/Vaca/services/CoordinatorService/internal/transport/rest/middleware.go:17.35,25.2 1 0
github.com/ReilEgor/Vaca/services/CoordinatorService/internal/transport/rest/middleware.go:27.58,28.30 1 0
github.com/ReilEgor/Vaca/services/CoordinatorService/internal/transport/rest/middleware.go:28.30,41.3 4 0
github.com/ReilEgor/Vaca/services/CoordinatorService/cmd/main.go:16.13,20.40 2 0
github.com/ReilEgor/Vaca/services/CoordinatorService/cmd/main.go:20.40,22.3 1 0
github.com/ReilEgor/Vaca/services/CoordinatorService/cmd/main.go:24.2,29.16 5 0
github.com/ReilEgor/Vaca/services/CoordinatorService/cmd/main.go:29.16,32.3 2 0
github.com/ReilEgor/Vaca/services/CoordinatorService/cmd/main.go:33.2,38.12 4 0
github.com/ReilEgor/Vaca/services/CoordinatorService/cmd/main.go:38.12,40.17 2 0
github.com/ReilEgor/Vaca/services/CoordinatorService/cmd/main.go:40.17,42.4 1 0
github.com/ReilEgor/Vaca/services/CoordinatorService/cmd/main.go:43.3,43.52 1 0
github.com/ReilEgor/Vaca/services/CoordinatorService/cmd/main.go:43.52,46.4 2 0
github.com/ReilEgor/Vaca/services/CoordinatorService/cmd/main.go:49.2,50.41 2 0
github.com/ReilEgor/Vaca/services/CoordinatorService/cmd/wire_gen.go:27.157,30.16 3 0
github.com/ReilEgor/Vaca/services/CoordinatorService/cmd/wire_gen.go:30.16,32.3 1 0
github.com/ReilEgor/Vaca/services/CoordinatorService/cmd/wire_gen.go:33.2,35.16 3 0
github.com/ReilEgor/Vaca/services/CoordinatorService/cmd/wire_gen.go:35.16,37.3 1 0
github.com/ReilEgor/Vaca/services/CoordinatorService/cmd/wire_gen.go:38.2,39.16 2 0
github.com/ReilEgor/Vaca/services/CoordinatorService/cmd/wire_gen.go:39.16,42.3 2 0
github.com/ReilEgor/Vaca/services/CoordinatorService/cmd/wire_gen.go:43.2,45.16 3 0
github.com/ReilEgor/Vaca/services/CoordinatorService/cmd/wire_gen.go:45.16,49.3 3 0
github.com/ReilEgor/Vaca/services/CoordinatorService/cmd/wire_gen.go:50.2,59.21 5 0
github.com/ReilEgor/Vaca/services/CoordinatorService/cmd/wire_gen.go:59.21,62.3 2 0
github.com/ReilEgor/Vaca/services/CoordinatorService/internal/mocks/domain/coordinator_usecase.go:21.120,24.19 2 0
github.com/ReilEgor/Vaca/services/CoordinatorService/internal/mocks/domain/coordinator_usecase.go:24.19,25.52 1 0
github.com/ReilEgor/Vaca/services/CoordinatorService/internal/mocks/domain/coordinator_usecase.go:28.2,30.94 3 0
github.com/ReilEgor/Vaca/services/CoordinatorService/internal/mocks/domain/coordinator_usecase.go:30.94,32.3 1 0
github.com/ReilEgor/Vaca/services/CoordinatorService/internal/mocks/domain/coordinator_usecase.go:33.2,33.85 1 0
github.com/ReilEgor/Vaca/services/CoordinatorService/internal/mocks/domain/coordinator_usecase.go:33.85,35.3 1 0
github.com/ReilEgor/Vaca/services/CoordinatorService/internal/mocks/domain/coordinator_usecase.go:35.8,36.24 1 0
github.com/ReilEgor/Vaca/services/CoordinatorService/internal/mocks/domain/coordinator_usecase.go:36.24,38.4 1 0
github.com/ReilEgor/Vaca/services/CoordinatorService/internal/mocks/domain/coordinator_usecase.go:41.2,41.80 1 0
github.com/ReilEgor/Vaca/services/CoordinatorService/internal/mocks/domain/coordinator_usecase.go:41.80,43.3 1 0
github.com/ReilEgor/Vaca/services/CoordinatorService/internal/mocks/domain/coordinator_usecase.go:43.8,45.3 1 0
github.com/ReilEgor/Vaca/services/CoordinatorService/internal/mocks/domain/coordinator_usecase.go:47.2,47.15 1 0
github.com/ReilEgor/Vaca/services/CoordinatorService/internal/mocks/domain/coordinator_usecase.go:51.101,54.19 2 0
github.com/ReilEgor/Vaca/services/CoordinatorService/internal/mocks/domain/coordinator_usecase.go:54.19,55.61 1 0
github.com/ReilEgor/Vaca/services/CoordinatorService/internal/mocks/domain/coordinator_usecase.go:58.2,61.83 4 0
github.com/ReilEgor/Vaca/services/CoordinatorService/internal/mocks/domain/coordinator_usecase.go:61.83,63.3 1 0
github.com/ReilEgor/Vaca/services/CoordinatorService/internal/mocks/domain/coordinator_usecase.go:64.2,64.67 1 0
github.com/ReilEgor/Vaca/services/CoordinatorService/internal/mocks/domain/coordinator_usecase.go:64.67,66.3 1 0
github.com/ReilEgor/Vaca/services/CoordinatorService/internal/mocks/domain/coordinator_usecase.go:66.8,67.24 1 0
github.com/ReilEgor/Vaca/services/CoordinatorService/internal/mocks/domain/coordinator_usecase.go:67.24,69.4 1 0
github.com/ReilEgor/Vaca/services/CoordinatorService/internal/mocks/domain/coordinator_usecase.go:72.2,72.60 1 0
github.com/ReilEgor/Vaca/services/CoordinatorService/internal/mocks/domain/coordinator_usecase.go:72.60,74.3 1 0
github.com/ReilEgor/Vaca/services/CoordinatorService/internal/mocks/domain/coordinator_usecase.go:74.8,76.3 1 0
github.com/ReilEgor/Vaca/services/CoordinatorService/internal/mocks/domain/coordinator_usecase.go:78.2,78.60 1 0
github.com/ReilEgor/Vaca/services/CoordinatorService/internal/mocks/domain/coordinator_usecase.go:78.60,80.3 1 0
github.com/ReilEgor/Vaca/services/CoordinatorService/internal/mocks/domain/coordinator_usecase.go:80.8,82.3 1 0
github.com/ReilEgor/Vaca/services/CoordinatorService/internal/mocks/domain/coordinator_usecase.go:84.2,84.19 1 0
github.com/ReilEgor/Vaca/services/CoordinatorService/internal/mocks/domain/coordinator_usecase.go:88.100,91.19 2 0
github.com/ReilEgor/Vaca/services/CoordinatorService/internal/mocks/domain/coordinator_usecase.go:91.19,92.55 1 0
github.com/ReilEgor/Vaca/services/CoordinatorService/internal/mocks/domain/coordinator_usecase.go:95.2,97.81 3 0
github.com/ReilEgor/Vaca/services/CoordinatorService/internal/mocks/domain/coordinator_usecase.go:97.81,99.3 1 0
github.com/ReilEgor/Vaca/services/CoordinatorService/internal/mocks/domain/coordinator_usecase.go:100.2,100.72 1 0
github.com/ReilEgor/Vaca/services/CoordinatorService/internal/mocks/domain/coordinator_usecase.go:100.72,102.3 1 0
github.com/ReilEgor/Vaca/services/CoordinatorService/internal/mocks/domain/coordinator_usecase.go:102.8,103.24 1 0
github.com/ReilEgor/Vaca/services/CoordinatorService/internal/mocks/domain/coordinator_usecase.go:103.24,105.4 1 0
github.com/ReilEgor/Vaca/services/CoordinatorService/internal/mocks/domain/coordinator_usecase.go:108.2,108.68 1 0
github.com/ReilEgor/Vaca/services/CoordinatorService/internal/mocks/domain/coordinator_usecase.go:108.68,110.3 1 0
github.com/ReilEgor/Vaca/services/CoordinatorService/internal/mocks/domain/coordinator_usecase.go:110.8,112.3 1 0
github.com/ReilEgor/Vaca/services/CoordinatorService/internal/mocks/domain/coordinator_usecase.go:114.2,114.15 1 0
github.com/ReilEgor/Vaca/services/CoordinatorService/internal/mocks/domain/coordinator_usecase.go:118.122,121.19 2 0
github.com/ReilEgor/Vaca/services/CoordinatorService/internal/mocks/domain/coordinator_usecase.go:121.19,122.54 1 0
github.com/ReilEgor/Vaca/services/CoordinatorService/internal/mocks/domain/coordinator_usecase.go:125.2,128.104 4 0
github.com/ReilEgor/Vaca/services/CoordinatorService/internal/mocks/domain/coordinator_usecase.go:128.104,130.3 1 0
github.com/ReilEgor/Vaca/services/CoordinatorService/internal/mocks/domain/coordinator_usecase.go:131.2,131.88 1 0
github.com/ReilEgor/Vaca/services/CoordinatorService/internal/mocks/domain/coordinator_usecase.go:131.88,133.3 1 0
github.com/ReilEgor/Vaca/services/CoordinatorService/internal/mocks/domain/coordinator_usecase.go:133.8,134.24 1 0
github.com/ReilEgor/Vaca/services/CoordinatorService/internal/mocks/domain/coordinator_usecase.go:134.24,136.4 1 0
github.com/ReilEgor/Vaca/services/CoordinatorService/internal/mocks/domain/coordinator_usecase.go:139.2,139.79 1 0
github.com/ReilEgor/Vaca/services/CoordinatorService/internal/mocks/domain/coordinator_usecase.go:139.79,141.3 1 0
github.com/ReilEgor/Vaca/services/CoordinatorService/internal/mocks/domain/coordinator_usecase.go:141.8,143.3 1 0
github.com/ReilEgor/Vaca/services/CoordinatorService/internal/mocks/domain/coordinator_usecase.go:145.2,145.79 1 0
github.com/ReilEgor/Vaca/services/CoordinatorService/internal/mocks/domain/coordinator_usecase.go:145.79,147.3 1 0
github.com/ReilEgor/Vaca/services/CoordinatorService/internal/mocks/domain/coordinator_usecase.go:147.8,149.3 1 0
github.com/ReilEgor/Vaca/services/CoordinatorService/internal/mocks/domain/coordinator_usecase.go:151.2,151.19 1 0
github.com/ReilEgor/Vaca/services/CoordinatorService/internal/mocks/domain/coordinator_usecase.go:159.24,163.19 3 0
github.com/ReilEgor/Vaca/services/CoordinatorService/internal/mocks/domain/coordinator_usecase.go:163.19,163.49 1 0
github.com/ReilEgor/Vaca/services/CoordinatorService/internal/mocks/domain/coordinator_usecase.go:165.2,165.13 1 0
github.com/ReilEgor/Vaca/services/CoordinatorService/internal/mocks/domain/status_repository.go:21.87,24.19 2 0
github.com/ReilEgor/Vaca/services/CoordinatorService/internal/mocks/domain/status_repository.go:24.19,25.45 1 0
github.com/ReilEgor/Vaca/services/CoordinatorService/internal/mocks/domain/status_repository.go:28.2,29.80 2 0
github.com/ReilEgor/Vaca/services/CoordinatorService/internal/mocks/domain/status_repository.go:29.80,31.3 1 0
github.com/ReilEgor/Vaca/services/CoordinatorService/internal/mocks/domain/status_repository.go:31.8,32.24 1 0
github.com/ReilEgor/Vaca/services/CoordinatorService/internal/mocks/domain/status_repository.go:32.24,34.4 1 0
github.com/ReilEgor/Vaca/services/CoordinatorService/internal/mocks/domain/status_repository.go:37.2,37.11 1 0
github.com/ReilEgor/Vaca/services/CoordinatorService/internal/mocks/domain/status_repository.go:41.96,44.19 2 0
github.com/ReilEgor/Vaca/services/CoordinatorService/internal/mocks/domain/status_repository.go:44.19,45.53 1 0
github.com/ReilEgor/Vaca/services/CoordinatorService/internal/mocks/domain/status_repository.go:48.2,50.78 3 0
github.com/ReilEgor/Vaca/services/CoordinatorService/internal/mocks/domain/status_repository.go:50.78,52.3 1 0
github.com/ReilEgor/Vaca/services/CoordinatorService/internal/mocks/domain/status_repository.go:53.2,53.69 1 0
github.com/ReilEgor/Vaca/services/CoordinatorService/internal/mocks/domain/status_repository.go:53.69,55.3 1 0
github.com/ReilEgor/Vaca/services/CoordinatorService/internal/mocks/domain/status_repository.go:55.8,57.3 1 0
github.com/ReilEgor/Vaca/services/CoordinatorService/internal/mocks/domain/status_repository.go:59.2,59.68 1 0
github.com/ReilEgor/Vaca/services/CoordinatorService/internal/mocks/domain/status_repository.go:59.68,61.3 1 0
github.com/ReilEgor/Vaca/services/CoordinatorService/internal/mocks/domain/status_repository.go:61.8,63.3 1 0
github.com/ReilEgor/Vaca/services/CoordinatorService/internal/mocks/domain/status_repository.go:65.2,65.15 1 0
github.com/ReilEgor/Vaca/services/CoordinatorService/internal/mocks/domain/status_repository.go:69.83,72.19 2 0
github.com/ReilEgor/Vaca/services/CoordinatorService/internal/mocks/domain/status_repository.go:72.19,73.52 1 0
github.com/ReilEgor/Vaca/services/CoordinatorService/internal/mocks/domain/status_repository.go:76.2,78.76 3 0
github.com/ReilEgor/Vaca/services/CoordinatorService/internal/mocks/domain/status_repository.go:78.76,80.3 1 0
github.com/ReilEgor/Vaca/services/CoordinatorService/internal/mocks/domain/status_repository.go:81.2,81.67 1 0
github.com/ReilEgor/Vaca/services/CoordinatorService/internal/mocks/domain/status_repository.go:81.67,83.3 1 0
github.com/ReilEgor/Vaca/services/CoordinatorService/internal/mocks/domain/status_repository.go:83.8,84.24 1 0
github.com/ReilEgor/Vaca/services/CoordinatorService/internal/mocks/domain/status_repository.go:84.24,86.4 1 0
github.com/ReilEgor/Vaca/services/CoordinatorService/internal/mocks/domain/status_repository.go:89.2,89.60 1 0
github.com/ReilEgor/Vaca/services/CoordinatorService/internal/mocks/domain/status_repository.go:89.60,91.3 1 0
github.com/ReilEgor/Vaca/services/CoordinatorService/internal/mocks/domain/status_repository.go:91.8,93.3 1 0
github.com/ReilEgor/Vaca/services/CoordinatorService/internal/mocks/domain/status_repository.go:95.2,95.15 1 0
github.com/ReilEgor/Vaca/services/CoordinatorService/internal/mocks/domain/status_repository.go:99.130,102.19 2 0
github.com/ReilEgor/Vaca/services/CoordinatorService/internal/mocks/domain/status_repository.go:102.19,103.45 1 0
github.com/ReilEgor/Vaca/services/CoordinatorService/internal/mocks/domain/status_repository.go:106.2,107.96 2 0
github.com/ReilEgor/Vaca/services/CoordinatorService/internal/mocks/domain/status_repository.go:107.96,109.3 1 0
github.com/ReilEgor/Vaca/services/CoordinatorService/internal/mocks/domain/status_repository.go:109.8,111.3 1 0
github.com/ReilEgor/Vaca/services/CoordinatorService/internal/mocks/domain/status_repository.go:113.2,113.11 1 0
github.com/ReilEgor/Vaca/services/CoordinatorService/internal/mocks/domain/status_repository.go:121.22,125.19 3 0
github.com/ReilEgor/Vaca/services/CoordinatorService/internal/mocks/domain/status_repository.go:125.19,125.49 1 0
github.com/ReilEgor/Vaca/services/CoordinatorService/internal/mocks/domain/status_repository.go:127.2,127.13 1 0
github.com/ReilEgor/Vaca/services/CoordinatorService/internal/mocks/domain/task_publisher.go:19.112,22.19 2 0
github.com/ReilEgor/Vaca/services/CoordinatorService/internal/mocks/domain/task_publisher.go:22.19,23.53 1 0
github.com/ReilEgor/Vaca/services/CoordinatorService/internal/mocks/domain/task_publisher.go:26.2,27.84 2 0
github.com/ReilEgor/Vaca/services/CoordinatorService/internal/mocks/domain/task_publisher.go:27.84,29.3 1 0
github.com/ReilEgor/Vaca/services/CoordinatorService/internal/mocks/domain/task_publisher.go:29.8,31.3 1 0
github.com/ReilEgor/Vaca/services/CoordinatorService/internal/mocks/domain/task_publisher.go:33.2,33.11 1 0
github.com/ReilEgor/Vaca/services/CoordinatorService/internal/mocks/domain/task_publisher.go:41.19,45.19 3 0
github.com/ReilEgor/Vaca/services/CoordinatorService/internal/mocks/domain/task_publisher.go:45.19,45.49 1 0
github.com/ReilEgor/Vaca/services/CoordinatorService/internal/mocks/domain/task_publisher.go:47.2,47.13 1 0
github.com/ReilEgor/Vaca/services/CoordinatorService/internal/mocks/domain/vacancy_search_repository.go:19.114,22.19 2 0
github.com/ReilEgor/Vaca/services/CoordinatorService/internal/mocks/domain/vacancy_search_repository.go:22.19,23.48 1 0
github.com/ReilEgor/Vaca/services/CoordinatorService/internal/mocks/domain/vacancy_search_repository.go:26.2,28.97 3 0
github.com/ReilEgor/Vaca/services/CoordinatorService/internal/mocks/domain/vacancy_search_repository.go:28.97,30.3 1 0
github.com/ReilEgor/Vaca/services/CoordinatorService/internal/mocks/domain/vacancy_search_repository.go:31.2,31.88 1 0
github.com/ReilEgor/Vaca/services/CoordinatorService/internal/mocks/domain/vacancy_search_repository.go:31.88,33.3 1 0
github.com/ReilEgor/Vaca/services/CoordinatorService/internal/mocks/domain/vacancy_search_repository.go:33.8,34.24 1 0
github.com/ReilEgor/Vaca/services/CoordinatorService/internal/mocks/domain/vacancy_search_repository.go:34.24,36.4 1 0
github.com/ReilEgor/Vaca/services/CoordinatorService/internal/mocks/domain/vacancy_search_repository.go:39.2,39.79 1 0
github.com/ReilEgor/Vaca/services/CoordinatorService/internal/mocks/domain/vacancy_search_repository.go:39.79,41.3 1 0
github.com/ReilEgor/Vaca/services/CoordinatorService/internal/mocks/domain/vacancy_search_repository.go:41.8,43.3 1 0
github.com/ReilEgor/Vaca/services/CoordinatorService/internal/mocks/domain/vacancy_search_repository.go:45.2,45.15 1 0
github.com/ReilEgor/Vaca/services/CoordinatorService/internal/mocks/domain/vacancy_search_repository.go:53.29,57.19 3 0
github.com/ReilEgor/Vaca/services/CoordinatorService/internal/mocks/domain/vacancy_search_repository.go:57.19,57.49 1 0
github.com/ReilEgor/Vaca/services/CoordinatorService/internal/mocks/domain/vacancy_search_repository.go:59.2,59.13 1 0
github.com/ReilEgor/Vaca/services/CoordinatorService/internal/transport/rest/handlers/handler.go:15.56,20.2 1 1
github.com/ReilEgor/Vaca/services/CoordinatorService/internal/transport/rest/handlers/handler.go:22.50,24.2 2 0
github.com/ReilEgor/Vaca/services/CoordinatorService/internal/transport/rest/handlers/handler.go:24.2,26.3 2 0
github.com/ReilEgor/Vaca/services/CoordinatorService/internal/transport/rest/handlers/handler.go:26.3,29.4 2 0
github.com/ReilEgor/Vaca/services/CoordinatorService/internal/transport/rest/handlers/handler.go:31.3,32.45 2 0
github.com/ReilEgor/Vaca/services/CoordinatorService/internal/transport/rest/handlers/source_handler.go:22.55,26.16 3 1
github.com/ReilEgor/Vaca/services/CoordinatorService/internal/transport/rest/handlers/source_handler.go:26.16,30.3 3 1
github.com/ReilEgor/Vaca/services/CoordinatorService/internal/transport/rest/handlers/source_handler.go:32.2,33.28 2 1
github.com/ReilEgor/Vaca/services/CoordinatorService/internal/transport/rest/handlers/source_handler.go:33.28,38.3 1 1
github.com/ReilEgor/Vaca/services/CoordinatorService/internal/transport/rest/handlers/source_handler.go:40.2,43.4 1 1
github.com/ReilEgor/Vaca/services/CoordinatorService/internal/transport/rest/handlers/task_handler.go:25.49,27.18 2 1
github.com/ReilEgor/Vaca/services/CoordinatorService/internal/transport/rest/handlers/task_handler.go:27.18,30.3 2 1
github.com/ReilEgor/Vaca/services/CoordinatorService/internal/transport/rest/handlers/task_handler.go:32.2,35.16 3 1
github.com/ReilEgor/Vaca/services/CoordinatorService/internal/transport/rest/handlers/task_handler.go:35.16,39.3 3 1
github.com/ReilEgor/Vaca/services/CoordinatorService/internal/transport/rest/handlers/task_handler.go:40.2,44.4 1 1
github.com/ReilEgor/Vaca/services/CoordinatorService/internal/transport/rest/handlers/task_handler.go:47.46,49.47 2 1
github.com/ReilEgor/Vaca/services/CoordinatorService/internal/transport/rest/handlers/task_handler.go:49.47,53.3 3 1
github.com/ReilEgor/Vaca/services/CoordinatorService/internal/transport/rest/handlers/task_handler.go:55.2,58.16 3 1
github.com/ReilEgor/Vaca/services/CoordinatorService/internal/transport/rest/handlers/task_handler.go:58.16,62.3 3 1
github.com/ReilEgor/Vaca/services/CoordinatorService/internal/transport/rest/handlers/task_handler.go:64.2,68.4 1 1
github.com/ReilEgor/Vaca/services/CoordinatorService/internal/transport/rest/handlers/vacancy_handler.go:30.48,33.51 2 1
github.com/ReilEgor/Vaca/services/CoordinatorService/internal/transport/rest/handlers/vacancy_handler.go:33.51,37.3 3 1
github.com/ReilEgor/Vaca/services/CoordinatorService/internal/transport/rest/handlers/vacancy_handler.go:38.2,41.16 3 1
github.com/ReilEgor/Vaca/services/CoordinatorService/internal/transport/rest/handlers/vacancy_handler.go:41.16,45.3 3 1
github.com/ReilEgor/Vaca/services/CoordinatorService/internal/transport/rest/handlers/vacancy_handler.go:46.2,47.30 2 1
github.com/ReilEgor/Vaca/services/CoordinatorService/internal/transport/rest/handlers/vacancy_handler.go:47.30,59.3 1 1
github.com/ReilEgor/Vaca/services/CoordinatorService/internal/transport/rest/handlers/vacancy_handler.go:61.2,64.4 1 1
github.com/ReilEgor/Vaca/services/CoordinatorService/internal/usecase/coordinator_uc.go:25.145,32.2 1 1
github.com/ReilEgor/Vaca/services/CoordinatorService/internal/usecase/coordinator_uc.go:34.106,37.9 3 1
github.com/ReilEgor/Vaca/services/CoordinatorService/internal/usecase/coordinator_uc.go:37.9,40.3 2 1
github.com/ReilEgor/Vaca/services/CoordinatorService/internal/usecase/coordinator_uc.go:42.2,43.16 2 1
github.com/ReilEgor/Vaca/services/CoordinatorService/internal/usecase/coordinator_uc.go:43.16,46.3 2 0
github.com/ReilEgor/Vaca/services/CoordinatorService/internal/usecase/coordinator_uc.go:47.2,54.18 2 1
github.com/ReilEgor/Vaca/services/CoordinatorService/internal/usecase/coordinator_uc.go:56.123,59.36 3 1
github.com/ReilEgor/Vaca/services/CoordinatorService/internal/usecase/coordinator_uc.go:59.36,62.3 2 1
github.com/ReilEgor/Vaca/services/CoordinatorService/internal/usecase/coordinator_uc.go:64.2,66.16 3 1
github.com/ReilEgor/Vaca/services/CoordinatorService/internal/usecase/coordinator_uc.go:66.16,71.3 2 0
github.com/ReilEgor/Vaca/services/CoordinatorService/internal/usecase/coordinator_uc.go:73.2,73.33 1 1
github.com/ReilEgor/Vaca/services/CoordinatorService/internal/usecase/coordinator_uc.go:73.33,82.63 3 1
github.com/ReilEgor/Vaca/services/CoordinatorService/internal/usecase/coordinator_uc.go:82.63,84.4 1 0
github.com/ReilEgor/Vaca/services/CoordinatorService/internal/usecase/coordinator_uc.go:87.2,87.21 1 1
github.com/ReilEgor/Vaca/services/CoordinatorService/internal/usecase/coordinator_uc.go:90.131,92.16 2 1
github.com/ReilEgor/Vaca/services/CoordinatorService/internal/usecase/coordinator_uc.go:92.16,95.3 2 1
github.com/ReilEgor/Vaca/services/CoordinatorService/internal/usecase/coordinator_uc.go:96.2,96.46 1 1
github.com/ReilEgor/Vaca/services/CoordinatorService/internal/usecase/coordinator_uc.go:98.107,102.2 2 1
github.com/ReilEgor/Vaca/services/CoordinatorService/internal/usecase/coordinator_uc.go:104.59,110.2 5 1
